<?xml version="1.0" encoding="UTF-8"?>
<!-- Generated by org.testng.reporters.JUnitXMLReporter -->
<testsuite ignored="0" hostname="Ajay" failures="1" tests="11" name="Surefire test" time="48.763" errors="0" timestamp="2024-06-24T18:11:22 IST">
  <testcase classname="com.tutorialsninja.qa.testcases.LoginTest" name="verifyLoginWithInvalidCredentials" time="1.179"/>
  <testcase classname="com.tutorialsninja.qa.testcases.LoginTest" name="verifyLoginWithInvalidEmailAndValidPassword" time="1.014"/>
  <testcase classname="com.tutorialsninja.qa.testcases.LoginTest" name="verifyLoginWithValidEmailAndInvalidPassword" time="0.955"/>
  <testcase classname="com.tutorialsninja.qa.testcases.LoginTest" name="verifyLoginWithoutCredentials" time="0.505"/>
  <testcase classname="com.tutorialsninja.qa.testcases.RegisterAccountTest" name="verifyRegisteringAnAccountWithMandatoryFields" time="1.71"/>
  <testcase classname="com.tutorialsninja.qa.testcases.RegisterAccountTest" name="verifyRegisteringWithProvidingAllFields" time="1.562"/>
  <testcase classname="com.tutorialsninja.qa.testcases.RegisterAccountTest" name="verifyRegisteringWithExistingEmailid" time="1.561"/>
  <testcase classname="com.tutorialsninja.qa.testcases.RegisterAccountTest" name="verifyRegisteringWithoutFillingAnyDetails" time="0.564"/>
  <testcase classname="com.tutorialsninja.qa.testcases.SearchTest" name="verifySearchwithvalidProduct" time="0.481"/>
  <testcase classname="com.tutorialsninja.qa.testcases.SearchTest" name="verifySearchWithInvalidProduct" time="0.414">
    <failure type="java.lang.AssertionError" message="expected [abcd] but found [There is no product that matches the search criteria.]">
      <![CDATA[java.lang.AssertionError: expected [abcd] but found [There is no product that matches the search criteria.]
at com.tutorialsninja.qa.testcases.SearchTest.verifySearchWithInvalidProduct(SearchTest.java:67)
at java.base/java.util.ArrayList.forEach(ArrayList.java:1597)
... Removed 36 stack frames]]>
    </failure>
  </testcase> <!-- verifySearchWithInvalidProduct -->
  <testcase classname="com.tutorialsninja.qa.testcases.SearchTest" name="verifySearchWithoutAnyProduct" time="0.0">
    <skipped/>
  </testcase> <!-- verifySearchWithoutAnyProduct -->
</testsuite> <!-- Surefire test -->
