<?xml version="1.0" encoding="UTF-8"?>
<!-- Generated by org.testng.reporters.JUnitXMLReporter -->
<testsuite ignored="0" hostname="Ajay" failures="0" tests="3" name="Default test" time="13.674" errors="0" timestamp="2024-06-22T10:38:52 IST">
  <testcase classname="com.tutorialsninja.qa.testcases.Search" name="verifySearchwithvalidProduct" time="0.697"/>
  <testcase classname="com.tutorialsninja.qa.testcases.Search" name="verifySearchWithInvalidProduct" time="0.668"/>
  <testcase classname="com.tutorialsninja.qa.testcases.Search" name="verifySearchWithoutAnyProduct" time="0.444"/>
</testsuite> <!-- Default test -->
