<?xml version="1.0" encoding="UTF-8"?>
<testng-results ignored="0" total="14" passed="14" failed="0" skipped="0">
  <reporter-output>
  </reporter-output>
  <suite started-at="2024-06-22T10:39:29 IST" name="Tutorials Ninja Automation suite" finished-at="2024-06-22T10:40:19 IST" duration-ms="49598">
    <groups>
    </groups>
    <test started-at="2024-06-22T10:39:29 IST" name=" Automation Testcases" finished-at="2024-06-22T10:40:19 IST" duration-ms="49598">
      <class name="com.tutorialsninja.qa.testcases.Search">
        <test-method is-config="true" signature="setup()[pri:0, instance:com.tutorialsninja.qa.testcases.Search@23348b5d]" started-at="2024-06-22T10:40:11 IST" name="setup" finished-at="2024-06-22T10:40:13 IST" duration-ms="2236" status="PASS">
          <reporter-output>
          </reporter-output>
        </test-method> <!-- setup -->
        <test-method signature="verifySearchwithvalidProduct()[pri:1, instance:com.tutorialsninja.qa.testcases.Search@23348b5d]" started-at="2024-06-22T10:40:13 IST" name="verifySearchwithvalidProduct" finished-at="2024-06-22T10:40:13 IST" duration-ms="446" status="PASS">
          <reporter-output>
          </reporter-output>
        </test-method> <!-- verifySearchwithvalidProduct -->
        <test-method is-config="true" signature="teardown()[pri:0, instance:com.tutorialsninja.qa.testcases.Search@23348b5d]" started-at="2024-06-22T10:40:13 IST" name="teardown" finished-at="2024-06-22T10:40:13 IST" duration-ms="194" status="PASS">
          <reporter-output>
          </reporter-output>
        </test-method> <!-- teardown -->
        <test-method is-config="true" signature="setup()[pri:0, instance:com.tutorialsninja.qa.testcases.Search@23348b5d]" started-at="2024-06-22T10:40:13 IST" name="setup" finished-at="2024-06-22T10:40:16 IST" duration-ms="2185" status="PASS">
          <reporter-output>
          </reporter-output>
        </test-method> <!-- setup -->
        <test-method signature="verifySearchWithInvalidProduct()[pri:2, instance:com.tutorialsninja.qa.testcases.Search@23348b5d]" started-at="2024-06-22T10:40:16 IST" name="verifySearchWithInvalidProduct" finished-at="2024-06-22T10:40:16 IST" duration-ms="417" status="PASS">
          <reporter-output>
          </reporter-output>
        </test-method> <!-- verifySearchWithInvalidProduct -->
        <test-method is-config="true" signature="teardown()[pri:0, instance:com.tutorialsninja.qa.testcases.Search@23348b5d]" started-at="2024-06-22T10:40:16 IST" name="teardown" finished-at="2024-06-22T10:40:16 IST" duration-ms="219" status="PASS">
          <reporter-output>
          </reporter-output>
        </test-method> <!-- teardown -->
        <test-method is-config="true" signature="setup()[pri:0, instance:com.tutorialsninja.qa.testcases.Search@23348b5d]" started-at="2024-06-22T10:40:16 IST" name="setup" finished-at="2024-06-22T10:40:18 IST" duration-ms="2029" status="PASS">
          <reporter-output>
          </reporter-output>
        </test-method> <!-- setup -->
        <test-method signature="verifySearchWithoutAnyProduct()[pri:3, instance:com.tutorialsninja.qa.testcases.Search@23348b5d]" started-at="2024-06-22T10:40:18 IST" name="verifySearchWithoutAnyProduct" finished-at="2024-06-22T10:40:19 IST" duration-ms="333" status="PASS">
          <reporter-output>
          </reporter-output>
        </test-method> <!-- verifySearchWithoutAnyProduct -->
        <test-method is-config="true" signature="teardown()[pri:0, instance:com.tutorialsninja.qa.testcases.Search@23348b5d]" started-at="2024-06-22T10:40:19 IST" name="teardown" finished-at="2024-06-22T10:40:19 IST" duration-ms="246" status="PASS">
          <reporter-output>
          </reporter-output>
        </test-method> <!-- teardown -->
      </class> <!-- com.tutorialsninja.qa.testcases.Search -->
      <class name="com.tutorialsninja.qa.testcases.RegisterAccount">
        <test-method is-config="true" signature="setup()[pri:0, instance:com.tutorialsninja.qa.testcases.RegisterAccount@3b0090a4]" started-at="2024-06-22T10:39:29 IST" name="setup" finished-at="2024-06-22T10:39:33 IST" duration-ms="3722" status="PASS">
          <reporter-output>
          </reporter-output>
        </test-method> <!-- setup -->
        <test-method signature="verifyRegisteringAnAccountWithMandatoryFields()[pri:1, instance:com.tutorialsninja.qa.testcases.RegisterAccount@3b0090a4]" started-at="2024-06-22T10:39:33 IST" name="verifyRegisteringAnAccountWithMandatoryFields" finished-at="2024-06-22T10:39:34 IST" duration-ms="1411" status="PASS">
          <reporter-output>
          </reporter-output>
        </test-method> <!-- verifyRegisteringAnAccountWithMandatoryFields -->
        <test-method is-config="true" signature="teardown()[pri:0, instance:com.tutorialsninja.qa.testcases.RegisterAccount@3b0090a4]" started-at="2024-06-22T10:39:34 IST" name="teardown" finished-at="2024-06-22T10:39:35 IST" duration-ms="199" status="PASS">
          <reporter-output>
          </reporter-output>
        </test-method> <!-- teardown -->
        <test-method is-config="true" signature="setup()[pri:0, instance:com.tutorialsninja.qa.testcases.RegisterAccount@3b0090a4]" started-at="2024-06-22T10:39:35 IST" name="setup" finished-at="2024-06-22T10:39:37 IST" duration-ms="2149" status="PASS">
          <reporter-output>
          </reporter-output>
        </test-method> <!-- setup -->
        <test-method signature="verifyRegisteringWithProvidingAllFields()[pri:2, instance:com.tutorialsninja.qa.testcases.RegisterAccount@3b0090a4]" started-at="2024-06-22T10:39:37 IST" name="verifyRegisteringWithProvidingAllFields" finished-at="2024-06-22T10:39:38 IST" duration-ms="1435" status="PASS">
          <reporter-output>
          </reporter-output>
        </test-method> <!-- verifyRegisteringWithProvidingAllFields -->
        <test-method is-config="true" signature="teardown()[pri:0, instance:com.tutorialsninja.qa.testcases.RegisterAccount@3b0090a4]" started-at="2024-06-22T10:39:38 IST" name="teardown" finished-at="2024-06-22T10:39:38 IST" duration-ms="239" status="PASS">
          <reporter-output>
          </reporter-output>
        </test-method> <!-- teardown -->
        <test-method is-config="true" signature="setup()[pri:0, instance:com.tutorialsninja.qa.testcases.RegisterAccount@3b0090a4]" started-at="2024-06-22T10:39:38 IST" name="setup" finished-at="2024-06-22T10:39:40 IST" duration-ms="2034" status="PASS">
          <reporter-output>
          </reporter-output>
        </test-method> <!-- setup -->
        <test-method signature="verifyRegisteringWithExistingEmailid()[pri:3, instance:com.tutorialsninja.qa.testcases.RegisterAccount@3b0090a4]" started-at="2024-06-22T10:39:40 IST" name="verifyRegisteringWithExistingEmailid" finished-at="2024-06-22T10:39:42 IST" duration-ms="1256" status="PASS">
          <reporter-output>
          </reporter-output>
        </test-method> <!-- verifyRegisteringWithExistingEmailid -->
        <test-method is-config="true" signature="teardown()[pri:0, instance:com.tutorialsninja.qa.testcases.RegisterAccount@3b0090a4]" started-at="2024-06-22T10:39:42 IST" name="teardown" finished-at="2024-06-22T10:39:42 IST" duration-ms="205" status="PASS">
          <reporter-output>
          </reporter-output>
        </test-method> <!-- teardown -->
        <test-method is-config="true" signature="setup()[pri:0, instance:com.tutorialsninja.qa.testcases.RegisterAccount@3b0090a4]" started-at="2024-06-22T10:39:42 IST" name="setup" finished-at="2024-06-22T10:39:44 IST" duration-ms="2130" status="PASS">
          <reporter-output>
          </reporter-output>
        </test-method> <!-- setup -->
        <test-method signature="verifyRegisteringWithoutFillingAnyDetails()[pri:4, instance:com.tutorialsninja.qa.testcases.RegisterAccount@3b0090a4]" started-at="2024-06-22T10:39:44 IST" name="verifyRegisteringWithoutFillingAnyDetails" finished-at="2024-06-22T10:39:45 IST" duration-ms="486" status="PASS">
          <reporter-output>
          </reporter-output>
        </test-method> <!-- verifyRegisteringWithoutFillingAnyDetails -->
        <test-method is-config="true" signature="teardown()[pri:0, instance:com.tutorialsninja.qa.testcases.RegisterAccount@3b0090a4]" started-at="2024-06-22T10:39:45 IST" name="teardown" finished-at="2024-06-22T10:39:45 IST" duration-ms="222" status="PASS">
          <reporter-output>
          </reporter-output>
        </test-method> <!-- teardown -->
      </class> <!-- com.tutorialsninja.qa.testcases.RegisterAccount -->
      <class name="com.tutorialsninja.qa.testcases.Login">
        <test-method is-config="true" signature="setUP()[pri:0, instance:com.tutorialsninja.qa.testcases.Login@2df3b89c]" started-at="2024-06-22T10:39:45 IST" name="setUP" finished-at="2024-06-22T10:39:48 IST" duration-ms="2088" status="PASS">
          <reporter-output>
          </reporter-output>
        </test-method> <!-- setUP -->
        <test-method signature="verifyWithValidCredentials(java.lang.String,java.lang.String)[pri:1, instance:com.tutorialsninja.qa.testcases.Login@2df3b89c]" started-at="2024-06-22T10:39:48 IST" name="verifyWithValidCredentials" data-provider="readTestDataFromExcelSheet" finished-at="2024-06-22T10:39:49 IST" duration-ms="1068" status="PASS">
          <params>
            <param index="0">
              <value>
                <![CDATA[apekshatest123@gmail.com]]>
              </value>
            </param>
            <param index="1">
              <value>
                <![CDATA[bottle123]]>
              </value>
            </param>
          </params>
          <reporter-output>
          </reporter-output>
        </test-method> <!-- verifyWithValidCredentials -->
        <test-method is-config="true" signature="teardown()[pri:0, instance:com.tutorialsninja.qa.testcases.Login@2df3b89c]" started-at="2024-06-22T10:39:49 IST" name="teardown" finished-at="2024-06-22T10:39:49 IST" duration-ms="239" status="PASS">
          <reporter-output>
          </reporter-output>
        </test-method> <!-- teardown -->
        <test-method is-config="true" signature="setUP()[pri:0, instance:com.tutorialsninja.qa.testcases.Login@2df3b89c]" started-at="2024-06-22T10:39:49 IST" name="setUP" finished-at="2024-06-22T10:39:52 IST" duration-ms="3460" status="PASS">
          <reporter-output>
          </reporter-output>
        </test-method> <!-- setUP -->
        <test-method signature="verifyWithValidCredentials(java.lang.String,java.lang.String)[pri:1, instance:com.tutorialsninja.qa.testcases.Login@2df3b89c]" started-at="2024-06-22T10:39:52 IST" name="verifyWithValidCredentials" data-provider="readTestDataFromExcelSheet" finished-at="2024-06-22T10:39:53 IST" duration-ms="953" status="PASS">
          <params>
            <param index="0">
              <value>
                <![CDATA[apekshatest111@gmail.com]]>
              </value>
            </param>
            <param index="1">
              <value>
                <![CDATA[12345]]>
              </value>
            </param>
          </params>
          <reporter-output>
          </reporter-output>
        </test-method> <!-- verifyWithValidCredentials -->
        <test-method is-config="true" signature="teardown()[pri:0, instance:com.tutorialsninja.qa.testcases.Login@2df3b89c]" started-at="2024-06-22T10:39:53 IST" name="teardown" finished-at="2024-06-22T10:39:53 IST" duration-ms="198" status="PASS">
          <reporter-output>
          </reporter-output>
        </test-method> <!-- teardown -->
        <test-method is-config="true" signature="setUP()[pri:0, instance:com.tutorialsninja.qa.testcases.Login@2df3b89c]" started-at="2024-06-22T10:39:53 IST" name="setUP" finished-at="2024-06-22T10:39:56 IST" duration-ms="2191" status="PASS">
          <reporter-output>
          </reporter-output>
        </test-method> <!-- setUP -->
        <test-method signature="verifyWithValidCredentials(java.lang.String,java.lang.String)[pri:1, instance:com.tutorialsninja.qa.testcases.Login@2df3b89c]" started-at="2024-06-22T10:39:56 IST" name="verifyWithValidCredentials" data-provider="readTestDataFromExcelSheet" finished-at="2024-06-22T10:39:57 IST" duration-ms="899" status="PASS">
          <params>
            <param index="0">
              <value>
                <![CDATA[apekshatest222@gmail.com]]>
              </value>
            </param>
            <param index="1">
              <value>
                <![CDATA[12345]]>
              </value>
            </param>
          </params>
          <reporter-output>
          </reporter-output>
        </test-method> <!-- verifyWithValidCredentials -->
        <test-method is-config="true" signature="teardown()[pri:0, instance:com.tutorialsninja.qa.testcases.Login@2df3b89c]" started-at="2024-06-22T10:39:57 IST" name="teardown" finished-at="2024-06-22T10:39:57 IST" duration-ms="273" status="PASS">
          <reporter-output>
          </reporter-output>
        </test-method> <!-- teardown -->
        <test-method is-config="true" signature="setUP()[pri:0, instance:com.tutorialsninja.qa.testcases.Login@2df3b89c]" started-at="2024-06-22T10:39:57 IST" name="setUP" finished-at="2024-06-22T10:39:59 IST" duration-ms="2205" status="PASS">
          <reporter-output>
          </reporter-output>
        </test-method> <!-- setUP -->
        <test-method signature="verifyLoginWithInvalidCredentials()[pri:2, instance:com.tutorialsninja.qa.testcases.Login@2df3b89c]" started-at="2024-06-22T10:39:59 IST" name="verifyLoginWithInvalidCredentials" finished-at="2024-06-22T10:40:00 IST" duration-ms="1002" status="PASS">
          <reporter-output>
          </reporter-output>
        </test-method> <!-- verifyLoginWithInvalidCredentials -->
        <test-method is-config="true" signature="teardown()[pri:0, instance:com.tutorialsninja.qa.testcases.Login@2df3b89c]" started-at="2024-06-22T10:40:00 IST" name="teardown" finished-at="2024-06-22T10:40:00 IST" duration-ms="291" status="PASS">
          <reporter-output>
          </reporter-output>
        </test-method> <!-- teardown -->
        <test-method is-config="true" signature="setUP()[pri:0, instance:com.tutorialsninja.qa.testcases.Login@2df3b89c]" started-at="2024-06-22T10:40:00 IST" name="setUP" finished-at="2024-06-22T10:40:03 IST" duration-ms="2464" status="PASS">
          <reporter-output>
          </reporter-output>
        </test-method> <!-- setUP -->
        <test-method signature="verifyLoginWithInvalidEmailAndValidPassword()[pri:3, instance:com.tutorialsninja.qa.testcases.Login@2df3b89c]" started-at="2024-06-22T10:40:03 IST" name="verifyLoginWithInvalidEmailAndValidPassword" finished-at="2024-06-22T10:40:04 IST" duration-ms="1052" status="PASS">
          <reporter-output>
          </reporter-output>
        </test-method> <!-- verifyLoginWithInvalidEmailAndValidPassword -->
        <test-method is-config="true" signature="teardown()[pri:0, instance:com.tutorialsninja.qa.testcases.Login@2df3b89c]" started-at="2024-06-22T10:40:04 IST" name="teardown" finished-at="2024-06-22T10:40:04 IST" duration-ms="275" status="PASS">
          <reporter-output>
          </reporter-output>
        </test-method> <!-- teardown -->
        <test-method is-config="true" signature="setUP()[pri:0, instance:com.tutorialsninja.qa.testcases.Login@2df3b89c]" started-at="2024-06-22T10:40:04 IST" name="setUP" finished-at="2024-06-22T10:40:07 IST" duration-ms="2622" status="PASS">
          <reporter-output>
          </reporter-output>
        </test-method> <!-- setUP -->
        <test-method signature="verifyLoginWithValidEmailAndInvalidPassword()[pri:4, instance:com.tutorialsninja.qa.testcases.Login@2df3b89c]" started-at="2024-06-22T10:40:07 IST" name="verifyLoginWithValidEmailAndInvalidPassword" finished-at="2024-06-22T10:40:08 IST" duration-ms="786" status="PASS">
          <reporter-output>
          </reporter-output>
        </test-method> <!-- verifyLoginWithValidEmailAndInvalidPassword -->
        <test-method is-config="true" signature="teardown()[pri:0, instance:com.tutorialsninja.qa.testcases.Login@2df3b89c]" started-at="2024-06-22T10:40:08 IST" name="teardown" finished-at="2024-06-22T10:40:08 IST" duration-ms="229" status="PASS">
          <reporter-output>
          </reporter-output>
        </test-method> <!-- teardown -->
        <test-method is-config="true" signature="setUP()[pri:0, instance:com.tutorialsninja.qa.testcases.Login@2df3b89c]" started-at="2024-06-22T10:40:08 IST" name="setUP" finished-at="2024-06-22T10:40:10 IST" duration-ms="2133" status="PASS">
          <reporter-output>
          </reporter-output>
        </test-method> <!-- setUP -->
        <test-method signature="verifyLoginWithoutCredentials()[pri:5, instance:com.tutorialsninja.qa.testcases.Login@2df3b89c]" started-at="2024-06-22T10:40:10 IST" name="verifyLoginWithoutCredentials" finished-at="2024-06-22T10:40:10 IST" duration-ms="421" status="PASS">
          <reporter-output>
          </reporter-output>
        </test-method> <!-- verifyLoginWithoutCredentials -->
        <test-method is-config="true" signature="teardown()[pri:0, instance:com.tutorialsninja.qa.testcases.Login@2df3b89c]" started-at="2024-06-22T10:40:10 IST" name="teardown" finished-at="2024-06-22T10:40:11 IST" duration-ms="223" status="PASS">
          <reporter-output>
          </reporter-output>
        </test-method> <!-- teardown -->
      </class> <!-- com.tutorialsninja.qa.testcases.Login -->
    </test> <!--  Automation Testcases -->
  </suite> <!-- Tutorials Ninja Automation suite -->
</testng-results>
