<?xml version="1.0" encoding="UTF-8"?>
<!-- Generated by org.testng.reporters.JUnitXMLReporter -->
<testsuite ignored="0" hostname="Ajay" failures="0" tests="14" name=" Automation Testcases" time="49.598" errors="0" timestamp="2024-06-22T10:40:19 IST">
  <testcase classname="com.tutorialsninja.qa.testcases.RegisterAccount" name="verifyRegisteringAnAccountWithMandatoryFields" time="1.411"/>
  <testcase classname="com.tutorialsninja.qa.testcases.RegisterAccount" name="verifyRegisteringWithProvidingAllFields" time="1.435"/>
  <testcase classname="com.tutorialsninja.qa.testcases.RegisterAccount" name="verifyRegisteringWithExistingEmailid" time="1.256"/>
  <testcase classname="com.tutorialsninja.qa.testcases.RegisterAccount" name="verifyRegisteringWithoutFillingAnyDetails" time="0.486"/>
  <testcase classname="com.tutorialsninja.qa.testcases.Login" name="verifyWithValidCredentials" time="1.068"/>
  <testcase classname="com.tutorialsninja.qa.testcases.Login" name="verifyWithValidCredentials" time="0.953"/>
  <testcase classname="com.tutorialsninja.qa.testcases.Login" name="verifyWithValidCredentials" time="0.899"/>
  <testcase classname="com.tutorialsninja.qa.testcases.Login" name="verifyLoginWithInvalidCredentials" time="1.002"/>
  <testcase classname="com.tutorialsninja.qa.testcases.Login" name="verifyLoginWithInvalidEmailAndValidPassword" time="1.052"/>
  <testcase classname="com.tutorialsninja.qa.testcases.Login" name="verifyLoginWithValidEmailAndInvalidPassword" time="0.786"/>
  <testcase classname="com.tutorialsninja.qa.testcases.Login" name="verifyLoginWithoutCredentials" time="0.421"/>
  <testcase classname="com.tutorialsninja.qa.testcases.Search" name="verifySearchwithvalidProduct" time="0.446"/>
  <testcase classname="com.tutorialsninja.qa.testcases.Search" name="verifySearchWithInvalidProduct" time="0.417"/>
  <testcase classname="com.tutorialsninja.qa.testcases.Search" name="verifySearchWithoutAnyProduct" time="0.333"/>
</testsuite> <!--  Automation Testcases -->
